--- Running pdf_read_edit.py ---
--- Running html_parsing.py ---
--- Running webbrowse_module.py ---
--- Running seleniumModule.py ---
--- Running hi.py ---
--- Running reding_excel.py ---
--- Running email_send.py ---
Traceback (most recent call last):
  File "/Users/ionbota/PycharmProjects/Learn_Python/lessons_python/webbrowsing/pdf_read_edit.py", line 1, in <module>
    import PyPDF2
ModuleNotFoundError: No module named 'PyPDF2'
21:12
--- Finished hi.py ---
Sheet1
Sheet2
Sheet3
2015-04-05 13:34:02
Apples
73
<Cell 'Sheet1'.B1>
1 Apples
2 Cherries
3 Pears
4 Oranges
5 Apples
6 Bananas
7 Strawberries
--- Finished reding_excel.py ---
Traceback (most recent call last):
  File "/Users/ionbota/PycharmProjects/Learn_Python/lessons_python/webbrowsing/html_parsing.py", line 16, in <module>
    jobs = getRocketshipsJobs('https://rocketships.io/')
           ^^^^^^^^^^^^^^^^^^^^^^^^^^^^^^^^^^^^^^^^^^^^^
  File "/Users/ionbota/PycharmProjects/Learn_Python/lessons_python/webbrowsing/html_parsing.py", line 14, in getRocketshipsJobs
    return elems[0].text.strip()
           ~~~~~^^^
IndexError: list index out of range
Traceback (most recent call last):
  File "/Users/ionbota/PycharmProjects/Learn_Python/lessons_python/webbrowsing/webbrowse_module.py", line 36, in <module>
    webbrowser.quit()
    ^^^^^^^^^^^^^^^
AttributeError: module 'webbrowser' has no attribute 'quit'
<module 'smtplib' from '/Library/Frameworks/Python.framework/Versions/3.11/lib/python3.11/smtplib.py'>
--- Finished email_send.py ---
--- Finished seleniumModule.py ---
--- Running reding_excel.py ---
--- Running webbrowse_module.py ---
--- Running html_parsing.py ---
--- Running hi.py ---
--- Running seleniumModule.py ---
--- Running email_send.py ---
--- Running pdf_read_edit.py ---
Traceback (most recent call last):
  File "/Users/ionbota/PycharmProjects/Learn_Python/lessons_python/webbrowsing/pdf_read_edit.py", line 1, in <module>
    import PyPDF2
ModuleNotFoundError: No module named 'PyPDF2'
21:12
--- Finished hi.py ---
Traceback (most recent call last):
  File "/Users/ionbota/PycharmProjects/Learn_Python/lessons_python/webbrowsing/html_parsing.py", line 16, in <module>
    jobs = getRocketshipsJobs('https://rocketships.io/')
           ^^^^^^^^^^^^^^^^^^^^^^^^^^^^^^^^^^^^^^^^^^^^^
  File "/Users/ionbota/PycharmProjects/Learn_Python/lessons_python/webbrowsing/html_parsing.py", line 14, in getRocketshipsJobs
    return elems[0].text.strip()
           ~~~~~^^^
IndexError: list index out of range
Traceback (most recent call last):
  File "/Users/ionbota/PycharmProjects/Learn_Python/lessons_python/webbrowsing/webbrowse_module.py", line 36, in <module>
    webbrowser.quit()
    ^^^^^^^^^^^^^^^
AttributeError: module 'webbrowser' has no attribute 'quit'
Sheet1
Sheet2
Sheet3
2015-04-05 13:34:02
Apples
73
<Cell 'Sheet1'.B1>
1 Apples
2 Cherries
3 Pears
4 Oranges
5 Apples
6 Bananas
7 Strawberries
--- Finished reding_excel.py ---
<module 'smtplib' from '/Library/Frameworks/Python.framework/Versions/3.11/lib/python3.11/smtplib.py'>
--- Finished email_send.py ---
--- Finished seleniumModule.py ---
--- Running seleniumModule.py ---
--- Running email_send.py ---
--- Running hi.py ---
--- Running reding_excel.py ---
--- Running webbrowse_module.py ---
--- Running html_parsing.py ---
--- Running pdf_read_edit.py ---
Traceback (most recent call last):
  File "/Users/ionbota/PycharmProjects/Learn_Python/lessons_python/webbrowsing/pdf_read_edit.py", line 1, in <module>
    import PyPDF2
ModuleNotFoundError: No module named 'PyPDF2'
21:12
--- Finished hi.py ---
Traceback (most recent call last):
  File "/Users/ionbota/PycharmProjects/Learn_Python/lessons_python/webbrowsing/html_parsing.py", line 16, in <module>
    jobs = getRocketshipsJobs('https://rocketships.io/')
           ^^^^^^^^^^^^^^^^^^^^^^^^^^^^^^^^^^^^^^^^^^^^^
  File "/Users/ionbota/PycharmProjects/Learn_Python/lessons_python/webbrowsing/html_parsing.py", line 14, in getRocketshipsJobs
    return elems[0].text.strip()
           ~~~~~^^^
IndexError: list index out of range
Traceback (most recent call last):
  File "/Users/ionbota/PycharmProjects/Learn_Python/lessons_python/webbrowsing/webbrowse_module.py", line 36, in <module>
    webbrowser.quit()
    ^^^^^^^^^^^^^^^
AttributeError: module 'webbrowser' has no attribute 'quit'
Sheet1
Sheet2
Sheet3
2015-04-05 13:34:02
Apples
73
<Cell 'Sheet1'.B1>
1 Apples
2 Cherries
3 Pears
4 Oranges
5 Apples
6 Bananas
7 Strawberries
--- Finished reding_excel.py ---
<module 'smtplib' from '/Library/Frameworks/Python.framework/Versions/3.11/lib/python3.11/smtplib.py'>
--- Finished email_send.py ---
--- Finished seleniumModule.py ---
--- Running reding_excel.py ---
--- Running email_send.py ---
--- Running html_parsing.py ---
--- Running webbrowse_module.py ---
--- Running pdf_read_edit.py ---
--- Running seleniumModule.py ---
--- Running hi.py ---
Traceback (most recent call last):
  File "/Users/ionbota/PycharmProjects/Learn_Python/lessons_python/webbrowsing/pdf_read_edit.py", line 1, in <module>
    import PyPDF2
ModuleNotFoundError: No module named 'PyPDF2'
21:12
--- Finished hi.py ---
Traceback (most recent call last):
  File "/Users/ionbota/PycharmProjects/Learn_Python/lessons_python/webbrowsing/html_parsing.py", line 16, in <module>
    jobs = getRocketshipsJobs('https://rocketships.io/')
           ^^^^^^^^^^^^^^^^^^^^^^^^^^^^^^^^^^^^^^^^^^^^^
  File "/Users/ionbota/PycharmProjects/Learn_Python/lessons_python/webbrowsing/html_parsing.py", line 14, in getRocketshipsJobs
    return elems[0].text.strip()
           ~~~~~^^^
IndexError: list index out of range
Traceback (most recent call last):
  File "/Users/ionbota/PycharmProjects/Learn_Python/lessons_python/webbrowsing/webbrowse_module.py", line 36, in <module>
    webbrowser.quit()
    ^^^^^^^^^^^^^^^
AttributeError: module 'webbrowser' has no attribute 'quit'
Sheet1
Sheet2
Sheet3
2015-04-05 13:34:02
Apples
73
<Cell 'Sheet1'.B1>
1 Apples
2 Cherries
3 Pears
4 Oranges
5 Apples
6 Bananas
7 Strawberries
--- Finished reding_excel.py ---
<module 'smtplib' from '/Library/Frameworks/Python.framework/Versions/3.11/lib/python3.11/smtplib.py'>
--- Finished email_send.py ---
--- Finished seleniumModule.py ---
--- Running html_parsing.py ---
--- Running pdf_read_edit.py ---
--- Running hi.py ---
--- Running email_send.py ---
--- Running webbrowse_module.py ---
--- Running reding_excel.py ---
--- Running seleniumModule.py ---
Traceback (most recent call last):
  File "/Users/ionbota/PycharmProjects/Learn_Python/lessons_python/webbrowsing/pdf_read_edit.py", line 1, in <module>
    import PyPDF2
ModuleNotFoundError: No module named 'PyPDF2'
21:12
--- Finished hi.py ---
Traceback (most recent call last):
  File "/Users/ionbota/PycharmProjects/Learn_Python/lessons_python/webbrowsing/webbrowse_module.py", line 36, in <module>
    webbrowser.quit()
    ^^^^^^^^^^^^^^^
AttributeError: module 'webbrowser' has no attribute 'quit'
Sheet1
Sheet2
Sheet3
2015-04-05 13:34:02
Apples
73
<Cell 'Sheet1'.B1>
1 Apples
2 Cherries
3 Pears
4 Oranges
5 Apples
6 Bananas
7 Strawberries
--- Finished reding_excel.py ---
<module 'smtplib' from '/Library/Frameworks/Python.framework/Versions/3.11/lib/python3.11/smtplib.py'>
--- Finished email_send.py ---
Traceback (most recent call last):
  File "/Users/ionbota/PycharmProjects/Learn_Python/lessons_python/webbrowsing/html_parsing.py", line 16, in <module>
    jobs = getRocketshipsJobs('https://rocketships.io/')
           ^^^^^^^^^^^^^^^^^^^^^^^^^^^^^^^^^^^^^^^^^^^^^
  File "/Users/ionbota/PycharmProjects/Learn_Python/lessons_python/webbrowsing/html_parsing.py", line 14, in getRocketshipsJobs
    return elems[0].text.strip()
           ~~~~~^^^
IndexError: list index out of range
--- Finished seleniumModule.py ---
--- Running pdf_read_edit.py ---
--- Running email_send.py ---
--- Running webbrowse_module.py ---
--- Running hi.py ---
--- Running html_parsing.py ---
--- Running seleniumModule.py ---
--- Running reding_excel.py ---
Traceback (most recent call last):
  File "/Users/ionbota/PycharmProjects/Learn_Python/lessons_python/webbrowsing/pdf_read_edit.py", line 1, in <module>
    import PyPDF2
ModuleNotFoundError: No module named 'PyPDF2'
21:12
--- Finished hi.py ---
Traceback (most recent call last):
  File "/Users/ionbota/PycharmProjects/Learn_Python/lessons_python/webbrowsing/html_parsing.py", line 16, in <module>
    jobs = getRocketshipsJobs('https://rocketships.io/')
           ^^^^^^^^^^^^^^^^^^^^^^^^^^^^^^^^^^^^^^^^^^^^^
  File "/Users/ionbota/PycharmProjects/Learn_Python/lessons_python/webbrowsing/html_parsing.py", line 14, in getRocketshipsJobs
    return elems[0].text.strip()
           ~~~~~^^^
IndexError: list index out of range
<module 'smtplib' from '/Library/Frameworks/Python.framework/Versions/3.11/lib/python3.11/smtplib.py'>
--- Finished email_send.py ---
Traceback (most recent call last):
  File "/Users/ionbota/PycharmProjects/Learn_Python/lessons_python/webbrowsing/webbrowse_module.py", line 36, in <module>
    webbrowser.quit()
    ^^^^^^^^^^^^^^^
AttributeError: module 'webbrowser' has no attribute 'quit'
Sheet1
Sheet2
Sheet3
2015-04-05 13:34:02
Apples
73
<Cell 'Sheet1'.B1>
1 Apples
2 Cherries
3 Pears
4 Oranges
5 Apples
6 Bananas
7 Strawberries
--- Finished reding_excel.py ---
--- Finished seleniumModule.py ---
--- Running hi.py ---
--- Running reding_excel.py ---
--- Running html_parsing.py ---
--- Running email_send.py ---
--- Running pdf_read_edit.py ---
--- Running webbrowse_module.py ---
--- Running seleniumModule.py ---
Traceback (most recent call last):
  File "/Users/ionbota/PycharmProjects/Learn_Python/lessons_python/webbrowsing/pdf_read_edit.py", line 1, in <module>
    import PyPDF2
ModuleNotFoundError: No module named 'PyPDF2'
21:12
--- Finished hi.py ---
Traceback (most recent call last):
  File "/Users/ionbota/PycharmProjects/Learn_Python/lessons_python/webbrowsing/html_parsing.py", line 16, in <module>
    jobs = getRocketshipsJobs('https://rocketships.io/')
           ^^^^^^^^^^^^^^^^^^^^^^^^^^^^^^^^^^^^^^^^^^^^^
  File "/Users/ionbota/PycharmProjects/Learn_Python/lessons_python/webbrowsing/html_parsing.py", line 14, in getRocketshipsJobs
    return elems[0].text.strip()
           ~~~~~^^^
IndexError: list index out of range
Traceback (most recent call last):
  File "/Users/ionbota/PycharmProjects/Learn_Python/lessons_python/webbrowsing/webbrowse_module.py", line 36, in <module>
    webbrowser.quit()
    ^^^^^^^^^^^^^^^
AttributeError: module 'webbrowser' has no attribute 'quit'
Sheet1
Sheet2
Sheet3
2015-04-05 13:34:02
Apples
73
<Cell 'Sheet1'.B1>
1 Apples
2 Cherries
3 Pears
4 Oranges
5 Apples
6 Bananas
7 Strawberries
--- Finished reding_excel.py ---
<module 'smtplib' from '/Library/Frameworks/Python.framework/Versions/3.11/lib/python3.11/smtplib.py'>
--- Finished email_send.py ---
--- Finished seleniumModule.py ---
--- Running pdf_read_edit.py ---
--- Running webbrowse_module.py ---
--- Running email_send.py ---
--- Running html_parsing.py ---
--- Running hi.py ---
--- Running seleniumModule.py ---
--- Running reding_excel.py ---
Traceback (most recent call last):
  File "/Users/ionbota/PycharmProjects/Learn_Python/lessons_python/webbrowsing/pdf_read_edit.py", line 1, in <module>
    import PyPDF2
ModuleNotFoundError: No module named 'PyPDF2'
21:12
--- Finished hi.py ---
Traceback (most recent call last):
  File "/Users/ionbota/PycharmProjects/Learn_Python/lessons_python/webbrowsing/html_parsing.py", line 16, in <module>
    jobs = getRocketshipsJobs('https://rocketships.io/')
           ^^^^^^^^^^^^^^^^^^^^^^^^^^^^^^^^^^^^^^^^^^^^^
  File "/Users/ionbota/PycharmProjects/Learn_Python/lessons_python/webbrowsing/html_parsing.py", line 14, in getRocketshipsJobs
    return elems[0].text.strip()
           ~~~~~^^^
IndexError: list index out of range
<module 'smtplib' from '/Library/Frameworks/Python.framework/Versions/3.11/lib/python3.11/smtplib.py'>
--- Finished email_send.py ---
Sheet1
Sheet2
Sheet3
2015-04-05 13:34:02
Apples
73
<Cell 'Sheet1'.B1>
1 Apples
2 Cherries
3 Pears
4 Oranges
5 Apples
6 Bananas
7 Strawberries
--- Finished reding_excel.py ---
Traceback (most recent call last):
  File "/Users/ionbota/PycharmProjects/Learn_Python/lessons_python/webbrowsing/webbrowse_module.py", line 36, in <module>
    webbrowser.quit()
    ^^^^^^^^^^^^^^^
AttributeError: module 'webbrowser' has no attribute 'quit'
Traceback (most recent call last):
  File "/Users/ionbota/PycharmProjects/Learn_Python/lessons_python/webbrowsing/seleniumModule.py", line 16, in <module>
    browser.back()
  File "/Library/Frameworks/Python.framework/Versions/3.11/lib/python3.11/site-packages/selenium/webdriver/remote/webdriver.py", line 547, in back
    self.execute(Command.GO_BACK)
  File "/Library/Frameworks/Python.framework/Versions/3.11/lib/python3.11/site-packages/selenium/webdriver/remote/webdriver.py", line 344, in execute
    self.error_handler.check_response(response)
  File "/Library/Frameworks/Python.framework/Versions/3.11/lib/python3.11/site-packages/selenium/webdriver/remote/errorhandler.py", line 229, in check_response
    raise exception_class(message, screen, stacktrace)
selenium.common.exceptions.NoSuchWindowException: Message: no such window: target window already closed
from unknown error: web view not found
  (Session info: chrome=125.0.6422.77)
Stacktrace:
0   chromedriver                        0x0000000100d36510 chromedriver + 4302096
1   chromedriver                        0x0000000100d2ee58 chromedriver + 4271704
2   chromedriver                        0x000000010096019c chromedriver + 278940
3   chromedriver                        0x000000010093b474 chromedriver + 128116
4   chromedriver                        0x00000001009c7394 chromedriver + 701332
5   chromedriver                        0x00000001009da4e4 chromedriver + 779492
6   chromedriver                        0x0000000100997004 chromedriver + 503812
7   chromedriver                        0x00000001009979ec chromedriver + 506348
8   chromedriver                        0x0000000100cfe558 chromedriver + 4072792
9   chromedriver                        0x0000000100d03004 chromedriver + 4091908
10  chromedriver                        0x0000000100ce579c chromedriver + 3970972
11  chromedriver                        0x0000000100d038ec chromedriver + 4094188
12  chromedriver                        0x0000000100cd871c chromedriver + 3917596
13  chromedriver                        0x0000000100d20b50 chromedriver + 4213584
14  chromedriver                        0x0000000100d20ccc chromedriver + 4213964
15  chromedriver                        0x0000000100d2ea50 chromedriver + 4270672
16  libsystem_pthread.dylib             0x000000019b7cef94 _pthread_start + 136
17  libsystem_pthread.dylib             0x000000019b7c9d34 thread_start + 8

--- Running email_send.py ---
--- Running html_parsing.py ---
--- Running hi.py ---
--- Running seleniumModule.py ---
--- Running pdf_read_edit.py ---
--- Running reding_excel.py ---
--- Running webbrowse_module.py ---
Traceback (most recent call last):
  File "/Users/ionbota/PycharmProjects/Learn_Python/lessons_python/webbrowsing/pdf_read_edit.py", line 1, in <module>
    import PyPDF2
ModuleNotFoundError: No module named 'PyPDF2'
21:12
--- Finished hi.py ---
Traceback (most recent call last):
  File "/Users/ionbota/PycharmProjects/Learn_Python/lessons_python/webbrowsing/html_parsing.py", line 16, in <module>
    jobs = getRocketshipsJobs('https://rocketships.io/')
           ^^^^^^^^^^^^^^^^^^^^^^^^^^^^^^^^^^^^^^^^^^^^^
  File "/Users/ionbota/PycharmProjects/Learn_Python/lessons_python/webbrowsing/html_parsing.py", line 14, in getRocketshipsJobs
    return elems[0].text.strip()
           ~~~~~^^^
IndexError: list index out of range
<module 'smtplib' from '/Library/Frameworks/Python.framework/Versions/3.11/lib/python3.11/smtplib.py'>
--- Finished email_send.py ---
Traceback (most recent call last):
  File "/Users/ionbota/PycharmProjects/Learn_Python/lessons_python/webbrowsing/webbrowse_module.py", line 36, in <module>
    webbrowser.quit()
    ^^^^^^^^^^^^^^^
AttributeError: module 'webbrowser' has no attribute 'quit'
Sheet1
Sheet2
Sheet3
2015-04-05 13:34:02
Apples
73
<Cell 'Sheet1'.B1>
1 Apples
2 Cherries
3 Pears
4 Oranges
5 Apples
6 Bananas
7 Strawberries
--- Finished reding_excel.py ---
--- Finished seleniumModule.py ---
--- Running hi.py ---
--- Running email_send.py ---
--- Running reding_excel.py ---
--- Running pdf_read_edit.py ---
--- Running seleniumModule.py ---
--- Running html_parsing.py ---
--- Running webbrowse_module.py ---
Traceback (most recent call last):
  File "/Users/ionbota/PycharmProjects/Learn_Python/lessons_python/webbrowsing/pdf_read_edit.py", line 1, in <module>
    import PyPDF2
ModuleNotFoundError: No module named 'PyPDF2'
21:12
--- Finished hi.py ---
Traceback (most recent call last):
  File "/Users/ionbota/PycharmProjects/Learn_Python/lessons_python/webbrowsing/html_parsing.py", line 16, in <module>
    jobs = getRocketshipsJobs('https://rocketships.io/')
           ^^^^^^^^^^^^^^^^^^^^^^^^^^^^^^^^^^^^^^^^^^^^^
  File "/Users/ionbota/PycharmProjects/Learn_Python/lessons_python/webbrowsing/html_parsing.py", line 14, in getRocketshipsJobs
    return elems[0].text.strip()
           ~~~~~^^^
IndexError: list index out of range
Sheet1
Sheet2
Sheet3
2015-04-05 13:34:02
Apples
73
<Cell 'Sheet1'.B1>
1 Apples
2 Cherries
3 Pears
4 Oranges
5 Apples
6 Bananas
7 Strawberries
Traceback (most recent call last):
  File "/Users/ionbota/PycharmProjects/Learn_Python/lessons_python/webbrowsing/webbrowse_module.py", line 16, in <module>
    webbrowser.open('https://www.google.com/maps/place/' + address)
                    ~~~~~~~~~~~~~~~~~~~~~~~~~~~~~~~~~~~~~^~~~~~~~~
TypeError: can only concatenate str (not "NoneType") to str
--- Finished reding_excel.py ---
<module 'smtplib' from '/Library/Frameworks/Python.framework/Versions/3.11/lib/python3.11/smtplib.py'>
--- Finished email_send.py ---
--- Finished seleniumModule.py ---
--- Running email_send.py ---
--- Running pdf_read_edit.py ---
--- Running hi.py ---
--- Running webbrowse_module.py ---
--- Running reding_excel.py ---
--- Running seleniumModule.py ---
--- Running html_parsing.py ---
Traceback (most recent call last):
  File "/Users/ionbota/PycharmProjects/Learn_Python/lessons_python/webbrowsing/pdf_read_edit.py", line 1, in <module>
    import PyPDF2
ModuleNotFoundError: No module named 'PyPDF2'
21:12
--- Finished hi.py ---
Traceback (most recent call last):
  File "/Users/ionbota/PycharmProjects/Learn_Python/lessons_python/webbrowsing/html_parsing.py", line 16, in <module>
    jobs = getRocketshipsJobs('https://rocketships.io/')
           ^^^^^^^^^^^^^^^^^^^^^^^^^^^^^^^^^^^^^^^^^^^^^
  File "/Users/ionbota/PycharmProjects/Learn_Python/lessons_python/webbrowsing/html_parsing.py", line 14, in getRocketshipsJobs
    return elems[0].text.strip()
           ~~~~~^^^
IndexError: list index out of range
Sheet1
Sheet2
Sheet3
2015-04-05 13:34:02
Apples
73
<Cell 'Sheet1'.B1>
1 Apples
2 Cherries
3 Pears
4 Oranges
5 Apples
6 Bananas
7 Strawberries
--- Finished reding_excel.py ---
Traceback (most recent call last):
  File "/Users/ionbota/PycharmProjects/Learn_Python/lessons_python/webbrowsing/webbrowse_module.py", line 36, in <module>
    webbrowser.quit()
    ^^^^^^^^^^^^^^^
AttributeError: module 'webbrowser' has no attribute 'quit'
<module 'smtplib' from '/Library/Frameworks/Python.framework/Versions/3.11/lib/python3.11/smtplib.py'>
--- Finished email_send.py ---
--- Finished seleniumModule.py ---
--- Running hi.py ---
--- Running seleniumModule.py ---
--- Running reding_excel.py ---
--- Running pdf_read_edit.py ---
--- Running html_parsing.py ---
--- Running email_send.py ---
--- Running webbrowse_module.py ---
Traceback (most recent call last):
  File "/Users/ionbota/PycharmProjects/Learn_Python/lessons_python/webbrowsing/pdf_read_edit.py", line 1, in <module>
    import PyPDF2
ModuleNotFoundError: No module named 'PyPDF2'
21:12
--- Finished hi.py ---
Traceback (most recent call last):
  File "/Users/ionbota/PycharmProjects/Learn_Python/lessons_python/webbrowsing/html_parsing.py", line 16, in <module>
    jobs = getRocketshipsJobs('https://rocketships.io/')
           ^^^^^^^^^^^^^^^^^^^^^^^^^^^^^^^^^^^^^^^^^^^^^
  File "/Users/ionbota/PycharmProjects/Learn_Python/lessons_python/webbrowsing/html_parsing.py", line 14, in getRocketshipsJobs
    return elems[0].text.strip()
           ~~~~~^^^
IndexError: list index out of range
Sheet1
Sheet2
Sheet3
2015-04-05 13:34:02
Apples
73
<Cell 'Sheet1'.B1>
1 Apples
2 Cherries
3 Pears
4 Oranges
5 Apples
6 Bananas
7 Strawberries
--- Finished reding_excel.py ---
Traceback (most recent call last):
  File "/Users/ionbota/PycharmProjects/Learn_Python/lessons_python/webbrowsing/webbrowse_module.py", line 16, in <module>
    webbrowser.open('https://www.google.com/maps/place/' + address)
                    ~~~~~~~~~~~~~~~~~~~~~~~~~~~~~~~~~~~~~^~~~~~~~~
TypeError: can only concatenate str (not "NoneType") to str
<module 'smtplib' from '/Library/Frameworks/Python.framework/Versions/3.11/lib/python3.11/smtplib.py'>
--- Finished email_send.py ---
--- Finished seleniumModule.py ---
